<?xml version="1.0" encoding="UTF-8"?>
<testng-results skipped="0" failed="0" ignored="0" total="3" passed="3">
  <reporter-output>
  </reporter-output>
  <suite name="Suite" duration-ms="16311" started-at="2018-10-27T13:38:11Z" finished-at="2018-10-27T13:38:27Z">
    <groups>
    </groups>
    <test name="Test" duration-ms="16311" started-at="2018-10-27T13:38:11Z" finished-at="2018-10-27T13:38:27Z">
      <class name="com.FreeCRM.LogOut">
        <test-method status="PASS" signature="Search()[pri:3, instance:com.FreeCRM.LogOut@36d4b5c]" name="Search" duration-ms="2" started-at="2018-10-27T08:38:27Z" finished-at="2018-10-27T08:38:27Z">
          <reporter-output>
          </reporter-output>
        </test-method> <!-- Search -->
      </class> <!-- com.FreeCRM.LogOut -->
      <class name="com.FreeCRM.AccountTest">
        <test-method status="PASS" signature="getData()[pri:0, instance:com.FreeCRM.AccountTest@6d00a15d]" name="getData" is-config="true" duration-ms="12" started-at="2018-10-27T08:38:11Z" finished-at="2018-10-27T08:38:11Z">
          <reporter-output>
          </reporter-output>
        </test-method> <!-- getData -->
        <test-method status="PASS" signature="Login()[pri:1, instance:com.FreeCRM.AccountTest@6d00a15d]" name="Login" duration-ms="15997" started-at="2018-10-27T08:38:11Z" finished-at="2018-10-27T08:38:27Z">
          <reporter-output>
          </reporter-output>
        </test-method> <!-- Login -->
        <test-method status="PASS" signature="CloseData()[pri:0, instance:com.FreeCRM.AccountTest@6d00a15d]" name="CloseData" is-config="true" duration-ms="1" started-at="2018-10-27T08:38:27Z" finished-at="2018-10-27T08:38:27Z">
          <reporter-output>
          </reporter-output>
        </test-method> <!-- CloseData -->
        <test-method status="PASS" signature="getData()[pri:0, instance:com.FreeCRM.AccountTest@6d00a15d]" name="getData" is-config="true" duration-ms="0" started-at="2018-10-27T08:38:27Z" finished-at="2018-10-27T08:38:27Z">
          <reporter-output>
          </reporter-output>
        </test-method> <!-- getData -->
        <test-method status="PASS" signature="Logout()[pri:2, instance:com.FreeCRM.AccountTest@6d00a15d]" name="Logout" duration-ms="190" started-at="2018-10-27T08:38:27Z" finished-at="2018-10-27T08:38:27Z">
          <reporter-output>
          </reporter-output>
        </test-method> <!-- Logout -->
        <test-method status="PASS" signature="CloseData()[pri:0, instance:com.FreeCRM.AccountTest@6d00a15d]" name="CloseData" is-config="true" duration-ms="1" started-at="2018-10-27T08:38:27Z" finished-at="2018-10-27T08:38:27Z">
          <reporter-output>
          </reporter-output>
        </test-method> <!-- CloseData -->
      </class> <!-- com.FreeCRM.AccountTest -->
    </test> <!-- Test -->
  </suite> <!-- Suite -->
</testng-results>
